[sites.google.com/view/teaml-cpsc-481-project/homee486.html]
[backblue.gif]
[fade.gif]
[index.html]
[ssl.gstatic.com/atari/images/label-maker-header-cropped.jpg]
[sites.google.com/view/teaml-cpsc-481-project/homefd93.html]
[apis.google.com/js/clientc932.js]
[sites.google.com/view/teaml-cpsc-481-project/home.html]
[sites.google.com/view/teaml-cpsc-481-project/stage-one.html]
[sites.google.com/view/teaml-cpsc-481-project/stage-two.html]
[sites.google.com/view/teaml-cpsc-481-project/stage-three.html]
[sites.google.com/view/teaml-cpsc-481-project/stage-four.html]
[sites.google.com/view/teaml-cpsc-481-project/homee486.html]
[sites.google.com/view/teaml-cpsc-481-project/homefd93.html]
[sites.google.com/view/teaml-cpsc-481-project/home.html]
[sites.google.com/view/teaml-cpsc-481-project/stage-one.html]
[sites.google.com/view/teaml-cpsc-481-project/stage-two.html]
[sites.google.com/view/teaml-cpsc-481-project/stage-three.html]
[sites.google.com/view/teaml-cpsc-481-project/stage-four.html]
[sites.google.com/view/teaml-cpsc-481-project/stage-five.html]
[sites.google.com/view/teaml-cpsc-481-project/stage-five.html]
